03/May/2021:00:27:02 905 [StartupInfoLogger.java] [INFO] c.e.i.O.OrganDonationApplication Starting OrganDonationApplication using Java 11.0.11 on apurva with PID 44617 (/home/apurva/Desktop/SPE/major_project/OrganDonation-spring/target/classes started by apurva in /home/apurva/Desktop/SPE/major_project/OrganDonation-spring)
03/May/2021:00:27:02 912 [StartupInfoLogger.java] [DEBUG] c.e.i.O.OrganDonationApplication Running with Spring Boot v2.4.4, Spring v5.3.5
03/May/2021:00:27:02 913 [SpringApplication.java] [INFO] c.e.i.O.OrganDonationApplication No active profile set, falling back to default profiles: default
03/May/2021:00:27:21 713 [LoginService.java] [INFO] c.e.i.O.Services.LoginService [INFO]: inside LoginService()
03/May/2021:00:27:21 715 [LoginController.java] [INFO] c.e.i.O.Controller.LoginController [INFO]: inside LoginController()
03/May/2021:00:27:21 956 [OrganService.java] [INFO] c.e.i.O.Services.OrganService [INFO]: inside OrganService()
03/May/2021:00:27:21 963 [OrganServiceTwo.java] [INFO] c.e.i.O.Services.OrganServiceTwo [INFO]: inside OrganServiceTwo()
03/May/2021:00:27:21 973 [OrganController.java] [INFO] c.e.i.O.Controller.OrganController [INFO]: inside OrganController()
03/May/2021:00:27:22 191 [SendEmailService.java] [INFO] c.e.i.O.Services.SendEmailService [INFO]: inside SendEmailService()
03/May/2021:00:27:22 638 [OrganRequestResponseService.java] [INFO] c.e.i.O.S.OrganRequestResponseService [INFO]: inside OrganRequestResponseService()
03/May/2021:00:27:22 670 [OrganRequestResponseController.java] [INFO] c.e.i.O.C.OrganRequestResponseController [INFO]: inside OrganRequestResponseController()
03/May/2021:00:27:22 723 [PriUserOrganListService.java] [INFO] c.e.i.O.S.PriUserOrganListService [INFO]: inside PriUserOrganListService()
03/May/2021:00:27:22 724 [PriUserOrganListController.java] [INFO] c.e.i.O.C.PriUserOrganListController [INFO]: inside PriUserOrganListController()
03/May/2021:00:27:22 747 [RegisterService.java] [INFO] c.e.i.O.Services.RegisterService [INFO]: inside RegisterService()
03/May/2021:00:27:22 749 [RegisterController.java] [INFO] c.e.i.O.C.RegisterController [INFO]: inside RegisterController()
03/May/2021:00:27:22 808 [SecUserDetailsService.java] [INFO] c.e.i.O.S.SecUserDetailsService [INFO]: inside SecUserDetailsService()
03/May/2021:00:27:22 810 [SecUserDetailsController.java] [INFO] c.e.i.O.C.SecUserDetailsController [INFO]: inside SecUserDetailsController()
03/May/2021:00:27:22 846 [HospitalRegisterService.java] [INFO] c.e.i.O.S.HospitalRegisterService [INFO]: inside HospitalRegisterService()
03/May/2021:00:27:22 847 [hospitalRegistrationController.java] [INFO] c.e.i.O.C.hospitalRegistrationController [INFO]: inside hospitalRegistrationController()
03/May/2021:00:29:33 378 [StartupInfoLogger.java] [INFO] c.e.i.O.OrganDonationApplication Starting OrganDonationApplication using Java 11.0.11 on apurva with PID 46659 (/home/apurva/Desktop/SPE/major_project/OrganDonation-spring/target/classes started by apurva in /home/apurva/Desktop/SPE/major_project/OrganDonation-spring)
03/May/2021:00:29:33 385 [StartupInfoLogger.java] [DEBUG] c.e.i.O.OrganDonationApplication Running with Spring Boot v2.4.4, Spring v5.3.5
03/May/2021:00:29:33 394 [SpringApplication.java] [INFO] c.e.i.O.OrganDonationApplication No active profile set, falling back to default profiles: default
03/May/2021:00:29:38 514 [LoginService.java] [INFO] c.e.i.O.Services.LoginService [INFO]: inside LoginService()
03/May/2021:00:29:38 515 [LoginController.java] [INFO] c.e.i.O.Controller.LoginController [INFO]: inside LoginController()
03/May/2021:00:29:38 580 [OrganService.java] [INFO] c.e.i.O.Services.OrganService [INFO]: inside OrganService()
03/May/2021:00:29:38 581 [OrganServiceTwo.java] [INFO] c.e.i.O.Services.OrganServiceTwo [INFO]: inside OrganServiceTwo()
03/May/2021:00:29:38 582 [OrganController.java] [INFO] c.e.i.O.Controller.OrganController [INFO]: inside OrganController()
03/May/2021:00:29:38 639 [SendEmailService.java] [INFO] c.e.i.O.Services.SendEmailService [INFO]: inside SendEmailService()
03/May/2021:00:29:38 695 [OrganRequestResponseService.java] [INFO] c.e.i.O.S.OrganRequestResponseService [INFO]: inside OrganRequestResponseService()
03/May/2021:00:29:38 697 [OrganRequestResponseController.java] [INFO] c.e.i.O.C.OrganRequestResponseController [INFO]: inside OrganRequestResponseController()
03/May/2021:00:29:38 712 [PriUserOrganListService.java] [INFO] c.e.i.O.S.PriUserOrganListService [INFO]: inside PriUserOrganListService()
03/May/2021:00:29:38 713 [PriUserOrganListController.java] [INFO] c.e.i.O.C.PriUserOrganListController [INFO]: inside PriUserOrganListController()
03/May/2021:00:29:38 733 [RegisterService.java] [INFO] c.e.i.O.Services.RegisterService [INFO]: inside RegisterService()
03/May/2021:00:29:38 735 [RegisterController.java] [INFO] c.e.i.O.C.RegisterController [INFO]: inside RegisterController()
03/May/2021:00:29:38 787 [SecUserDetailsService.java] [INFO] c.e.i.O.S.SecUserDetailsService [INFO]: inside SecUserDetailsService()
03/May/2021:00:29:38 789 [SecUserDetailsController.java] [INFO] c.e.i.O.C.SecUserDetailsController [INFO]: inside SecUserDetailsController()
03/May/2021:00:29:38 887 [HospitalRegisterService.java] [INFO] c.e.i.O.S.HospitalRegisterService [INFO]: inside HospitalRegisterService()
03/May/2021:00:29:38 888 [hospitalRegistrationController.java] [INFO] c.e.i.O.C.hospitalRegistrationController [INFO]: inside hospitalRegistrationController()
03/May/2021:00:29:39 539 [StartupInfoLogger.java] [INFO] c.e.i.O.OrganDonationApplication Started OrganDonationApplication in 6.992 seconds (JVM running for 9.458)
